<?xml version="1.0" encoding="UTF-8"?>
<!-- Generated by org.testng.reporters.JUnitReportReporter -->
<testsuite hostname="student-virtual-machine" name="com.assignment4.TestQuestion1" tests="1" failures="0" timestamp="21 Mar 2016 09:18:17 GMT" time="0.006" errors="0">
  <testcase name="testBirdType" time="0.006" classname="com.assignment4.TestQuestion1"/>
</testsuite> <!-- com.assignment4.TestQuestion1 -->
