<?xml version="1.0" encoding="UTF-8"?>
<!-- Generated by org.testng.reporters.JUnitReportReporter -->
<testsuite hostname="student-virtual-machine" name="com.assignment4.TestQuestion4" tests="5" failures="0" timestamp="25 Mar 2016 21:25:13 GMT" time="0.007" errors="0">
  <testcase name="testValidateUser" time="0.000" classname="com.assignment4.TestQuestion4"/>
  <testcase name="testValidUser" time="0.000" classname="com.assignment4.TestQuestion4"/>
  <testcase name="testNameForNull" time="0.001" classname="com.assignment4.TestQuestion4"/>
  <testcase name="testMsg" time="0.006" classname="com.assignment4.TestQuestion4"/>
  <testcase name="testUsername" time="0.000" classname="com.assignment4.TestQuestion4"/>
</testsuite> <!-- com.assignment4.TestQuestion4 -->
