<?xml version="1.0" encoding="UTF-8"?>
<!-- Generated by org.testng.reporters.JUnitReportReporter -->
<testsuite hostname="student-virtual-machine" name="com.assignment4.TestQuestion3Incorrect" tests="5" failures="0" timestamp="25 Mar 2016 21:25:13 GMT" time="0.001" errors="0">
  <testcase name="testClassic" time="0.000" classname="com.assignment4.TestQuestion3Incorrect"/>
  <testcase name="testRadius" time="0.001" classname="com.assignment4.TestQuestion3Incorrect"/>
  <testcase name="testLiskovWidth" time="0.000" classname="com.assignment4.TestQuestion3Incorrect"/>
  <testcase name="testRap" time="0.000" classname="com.assignment4.TestQuestion3Incorrect"/>
  <testcase name="testLiskovRadius" time="0.000" classname="com.assignment4.TestQuestion3Incorrect"/>
</testsuite> <!-- com.assignment4.TestQuestion3Incorrect -->
