<?xml version="1.0" encoding="UTF-8"?>
<!-- Generated by org.testng.reporters.JUnitReportReporter -->
<testsuite hostname="student-virtual-machine" name="com.assignment4.TestQuestion3Correct" tests="6" failures="0" timestamp="25 Mar 2016 21:25:13 GMT" time="0.008" errors="0">
  <testcase name="testClassic" time="0.000" classname="com.assignment4.TestQuestion3Correct"/>
  <testcase name="testCircleRadius" time="0.005" classname="com.assignment4.TestQuestion3Correct"/>
  <testcase name="testSquareArea" time="0.001" classname="com.assignment4.TestQuestion3Correct"/>
  <testcase name="testSquareRadius" time="0.001" classname="com.assignment4.TestQuestion3Correct"/>
  <testcase name="testRadius" time="0.001" classname="com.assignment4.TestQuestion3Correct"/>
  <testcase name="testRap" time="0.000" classname="com.assignment4.TestQuestion3Correct"/>
</testsuite> <!-- com.assignment4.TestQuestion3Correct -->
