<?xml version="1.0" encoding="UTF-8"?>
<!-- Generated by org.testng.reporters.JUnitReportReporter -->
<testsuite hostname="student-virtual-machine" name="com.assignment4.TestQuestion3Incorrect" tests="3" failures="0" timestamp="20 Mar 2016 22:54:01 GMT" time="0.001" errors="0">
  <testcase name="testRadius" time="0.001" classname="com.assignment4.TestQuestion3Incorrect"/>
  <testcase name="testRap" time="0.000" classname="com.assignment4.TestQuestion3Incorrect"/>
  <testcase name="testClassic" time="0.000" classname="com.assignment4.TestQuestion3Incorrect"/>
</testsuite> <!-- com.assignment4.TestQuestion3Incorrect -->
